\BOOKMARK [1][-]{section.1}{Introduction}{}% 1
\BOOKMARK [2][-]{subsection.1.1}{Goal}{section.1}% 2
\BOOKMARK [2][-]{subsection.1.2}{Contributions}{section.1}% 3
\BOOKMARK [1][-]{section.2}{Background}{}% 4
\BOOKMARK [2][-]{subsection.2.1}{Constraint Programming}{section.2}% 5
\BOOKMARK [2][-]{subsection.2.2}{Gecode}{section.2}% 6
\BOOKMARK [2][-]{subsection.2.3}{The Table Constraint}{section.2}% 7
\BOOKMARK [2][-]{subsection.2.4}{Compact-Table Propagator}{section.2}% 8
\BOOKMARK [2][-]{subsection.2.5}{Sparse Bit-Set}{section.2}% 9
\BOOKMARK [1][-]{section.3}{Algorithms}{}% 10
\BOOKMARK [2][-]{subsection.3.1}{Sparse Bit-Set}{section.3}% 11
\BOOKMARK [2][-]{subsection.3.2}{Compact-Table \(CT\) Algorithm}{section.3}% 12
\BOOKMARK [3][-]{subsubsection.3.2.1}{Propagator Status Messages}{subsection.3.2}% 13
\BOOKMARK [1][-]{section.4}{Implementation}{}% 14
\BOOKMARK [1][-]{section.5}{Evaluation}{}% 15
\BOOKMARK [2][-]{subsection.5.1}{Evaluation Setup}{section.5}% 16
\BOOKMARK [2][-]{subsection.5.2}{Results}{section.5}% 17
\BOOKMARK [2][-]{subsection.5.3}{Discussion}{section.5}% 18
\BOOKMARK [1][-]{section.6}{Conclusions and Future Work}{}% 19
\BOOKMARK [1][-]{appendix.A}{Source Code}{}% 20
